c:\users\syusy\onedrive\ドキュメント\visual studio 2015\projects\disk break\disk break\debug\vc140.pdb
c:\users\syusy\onedrive\ドキュメント\visual studio 2015\projects\disk break\disk break\debug\vc140.idb
c:\users\syusy\onedrive\ドキュメント\visual studio 2015\projects\disk break\disk break\debug\bulletui.obj
c:\users\syusy\onedrive\ドキュメント\visual studio 2015\projects\disk break\disk break\debug\button.obj
c:\users\syusy\onedrive\ドキュメント\visual studio 2015\projects\disk break\disk break\debug\enemy.obj
c:\users\syusy\onedrive\ドキュメント\visual studio 2015\projects\disk break\disk break\debug\explosion.obj
c:\users\syusy\onedrive\ドキュメント\visual studio 2015\projects\disk break\disk break\debug\fade.obj
c:\users\syusy\onedrive\ドキュメント\visual studio 2015\projects\disk break\disk break\debug\game.obj
c:\users\syusy\onedrive\ドキュメント\visual studio 2015\projects\disk break\disk break\debug\input.obj
c:\users\syusy\onedrive\ドキュメント\visual studio 2015\projects\disk break\disk break\debug\main.obj
c:\users\syusy\onedrive\ドキュメント\visual studio 2015\projects\disk break\disk break\debug\manager.obj
c:\users\syusy\onedrive\ドキュメント\visual studio 2015\projects\disk break\disk break\debug\number.obj
c:\users\syusy\onedrive\ドキュメント\visual studio 2015\projects\disk break\disk break\debug\player.obj
c:\users\syusy\onedrive\ドキュメント\visual studio 2015\projects\disk break\disk break\debug\ranking.obj
c:\users\syusy\onedrive\ドキュメント\visual studio 2015\projects\disk break\disk break\debug\renderer.obj
c:\users\syusy\onedrive\ドキュメント\visual studio 2015\projects\disk break\disk break\debug\result.obj
c:\users\syusy\onedrive\ドキュメント\visual studio 2015\projects\disk break\disk break\debug\scene.obj
c:\users\syusy\onedrive\ドキュメント\visual studio 2015\projects\disk break\disk break\debug\scene2d.obj
c:\users\syusy\onedrive\ドキュメント\visual studio 2015\projects\disk break\disk break\debug\score.obj
c:\users\syusy\onedrive\ドキュメント\visual studio 2015\projects\disk break\disk break\debug\sound.obj
c:\users\syusy\onedrive\ドキュメント\visual studio 2015\projects\disk break\disk break\debug\speed.obj
c:\users\syusy\onedrive\ドキュメント\visual studio 2015\projects\disk break\disk break\debug\title.obj
c:\users\syusy\onedrive\ドキュメント\visual studio 2015\projects\disk break\disk break\debug\bg.obj
c:\users\syusy\onedrive\ドキュメント\visual studio 2015\projects\disk break\disk break\debug\bullet.obj
c:\users\syusy\onedrive\ドキュメント\visual studio 2015\projects\disk break\disk break\debug\titielogo.obj
c:\users\syusy\onedrive\ドキュメント\visual studio 2015\projects\disk break\debug\disk break.ilk
c:\users\syusy\onedrive\ドキュメント\visual studio 2015\projects\disk break\debug\disk break.exe
c:\users\syusy\onedrive\ドキュメント\visual studio 2015\projects\disk break\debug\disk break.pdb
c:\users\syusy\onedrive\ドキュメント\visual studio 2015\projects\disk break\disk break\debug\score.obj.enc
c:\users\syusy\onedrive\ドキュメント\visual studio 2015\projects\disk break\disk break\debug\disk break.tlog\cl.command.1.tlog
c:\users\syusy\onedrive\ドキュメント\visual studio 2015\projects\disk break\disk break\debug\disk break.tlog\cl.read.1.tlog
c:\users\syusy\onedrive\ドキュメント\visual studio 2015\projects\disk break\disk break\debug\disk break.tlog\cl.write.1.tlog
c:\users\syusy\onedrive\ドキュメント\visual studio 2015\projects\disk break\disk break\debug\disk break.tlog\link.command.1.tlog
c:\users\syusy\onedrive\ドキュメント\visual studio 2015\projects\disk break\disk break\debug\disk break.tlog\link.read.1.tlog
c:\users\syusy\onedrive\ドキュメント\visual studio 2015\projects\disk break\disk break\debug\disk break.tlog\link.write.1.tlog
